\BOOKMARK [0][-]{chapter.1}{\376\377\004\050\004\060\004\061\004\073\004\076\004\075\004\113\000\040\000C\000+\000+}{}% 1
\BOOKMARK [1][-]{section.1.1}{\376\377\004\033\004\065\004\072\004\106\004\070\004\117\000\040\0007\000.\0000\0002\000.\0002\0000\0001\0002\000.\000\040\004\022\004\062\004\065\004\064\004\065\004\075\004\070\004\065\000\040\004\062\000\040\004\110\004\060\004\061\004\073\004\076\004\075\004\113\000.}{chapter.1}% 2
\BOOKMARK [1][-]{section.1.2}{\376\377\004\033\004\065\004\072\004\106\004\070\004\117\000\040\0001\0004\000.\0000\0002\000.\0002\0000\0001\0002\000.\000\040\004\037\004\060\004\100\004\060\004\074\004\065\004\102\004\100\004\113\000\040\004\110\004\060\004\061\004\073\004\076\004\075\004\076\004\062\000\040\004\070\000\040\004\101\004\077\004\065\004\106\004\070\004\060\004\073\004\070\004\067\004\060\004\106\004\070\004\117}{chapter.1}% 3
\BOOKMARK [2][-]{subsection.1.2.1}{\376\377\004\037\004\060\004\100\004\060\004\074\004\065\004\102\004\100\004\113\000\040\004\110\004\060\004\061\004\073\004\076\004\075\004\076\004\062}{section.1.2}% 4
\BOOKMARK [2][-]{subsection.1.2.2}{\376\377\004\041\004\077\004\065\004\106\004\070\004\060\004\073\004\070\004\067\004\060\004\106\004\070\004\117\000\040\004\110\004\060\004\061\004\073\004\076\004\075\004\076\004\062}{section.1.2}% 5
\BOOKMARK [2][-]{subsection.1.2.3}{\376\377\004\047\004\060\004\101\004\102\004\070\004\107\004\075\004\060\004\117\000\040\004\101\004\077\004\065\004\106\004\070\004\060\004\073\004\070\004\067\004\060\004\106\004\070\004\117\000\040\004\110\004\060\004\061\004\073\004\076\004\075\004\060}{section.1.2}% 6
\BOOKMARK [0][-]{chapter.2}{\376\377\004\041\004\102\004\060\004\075\004\064\004\060\004\100\004\102\004\075\004\060\004\117\000\040\004\061\004\070\004\061\004\073\004\070\004\076\004\102\004\065\004\072\004\060}{}% 7
\BOOKMARK [1][-]{section.2.1}{\376\377\004\033\004\065\004\072\004\106\004\070\004\117\000\040\0002\0001\000.\0000\0002\000.\0002\0000\0001\0002\000.\000\040\004\037\004\076\004\101\004\073\004\065\004\064\004\076\004\062\004\060\004\102\004\065\004\073\004\114\004\075\004\113\004\065\000\040\004\072\004\076\004\075\004\102\004\065\004\071\004\075\004\065\004\100\004\113}{chapter.2}% 8
\BOOKMARK [2][-]{subsection.2.1.1}{\376\377\004\030\004\067\000\040\004\070\004\101\004\102\004\076\004\100\004\070\004\070\000\040\004\101\004\102\004\060\004\075\004\064\004\060\004\100\004\102\004\075\004\076\004\071\000\040\004\061\004\070\004\061\004\073\004\070\004\076\004\102\004\065\004\072\004\070}{section.2.1}% 9
\BOOKMARK [2][-]{subsection.2.1.2}{\376\377\004\037\004\076\004\101\004\073\004\065\004\064\004\076\004\062\004\060\004\102\004\065\004\073\004\114\004\075\004\113\004\065\000\040\004\072\004\076\004\075\004\102\004\065\004\071\004\075\004\100\004\113}{section.2.1}% 10
\BOOKMARK [2][-]{subsection.2.1.3}{\376\377\000v\000e\000c\000t\000o\000r}{section.2.1}% 11
\BOOKMARK [2][-]{subsection.2.1.4}{\376\377\000l\000i\000s\000t}{section.2.1}% 12
\BOOKMARK [2][-]{subsection.2.1.5}{\376\377\000s\000t\000r\000i\000n\000g}{section.2.1}% 13
\BOOKMARK [2][-]{subsection.2.1.6}{\376\377\004\035\004\065\004\102\004\100\004\070\004\062\004\070\004\060\004\073\004\114\004\075\004\113\004\065\000\040\004\077\004\100\004\070\004\074\004\065\004\100\004\113\000\040\004\100\004\060\004\061\004\076\004\102\004\113\000\040\004\101\000\040\004\072\004\076\004\075\004\102\004\065\004\071\004\075\004\065\004\100\004\060\004\074\004\070}{section.2.1}% 14
\BOOKMARK [0][-]{chapter.3}{\376\377\004\041\004\102\004\060\004\075\004\064\004\060\004\100\004\102\004\075\004\060\004\117\000\040\004\061\004\070\004\061\004\073\004\070\004\076\004\102\004\065\004\072\004\060}{}% 15
\BOOKMARK [1][-]{section.3.1}{\376\377\004\033\004\065\004\072\004\106\004\070\004\117\000\040\0002\0008\000.\0000\0002\000.\0002\0000\0001\0002\000.\000\040\004\037\004\076\004\101\004\073\004\065\004\064\004\076\004\062\004\060\004\102\004\065\004\073\004\114\004\075\004\113\004\065\000\040\004\072\004\076\004\075\004\102\004\065\004\071\004\075\004\065\004\100\004\113}{chapter.3}% 16
\BOOKMARK [2][-]{subsection.3.1.1}{\376\377\000v\000e\000c\000t\000o\000r\000<\000b\000o\000o\000l\000>}{section.3.1}% 17
\BOOKMARK [1][-]{section.3.2}{\376\377\004\020\004\101\004\101\004\076\004\106\004\070\004\060\004\102\004\070\004\062\004\075\004\113\004\065\000\040\004\072\004\076\004\075\004\102\004\065\004\071\004\075\004\065\004\100\004\113}{chapter.3}% 18
\BOOKMARK [2][-]{subsection.3.2.1}{\376\377\004\023\004\060\004\073\004\076\004\077\004\076\004\074\000\040\004\077\004\076\000\040\004\060\004\101\004\101\004\076\004\106\004\070\004\060\004\102\004\070\004\062\004\075\004\113\004\074\000\040\004\072\004\076\004\075\004\102\004\065\004\071\004\075\004\065\004\100\004\060\004\074}{section.3.2}% 19
\BOOKMARK [2][-]{subsection.3.2.2}{\376\377\004\036\004\061\004\111\004\070\004\065\000\040\004\074\004\065\004\102\004\076\004\064\004\113}{section.3.2}% 20
\BOOKMARK [2][-]{subsection.3.2.3}{\376\377\004\042\004\100\004\065\004\061\004\076\004\062\004\060\004\075\004\070\004\117\000\040\004\072\000\040\004\076\004\061\004\112\004\065\004\072\004\102\004\060\004\074}{section.3.2}% 21
\BOOKMARK [0][-]{chapter.4}{\376\377\004\041\004\102\004\060\004\075\004\064\004\060\004\100\004\102\004\075\004\060\004\117\000\040\004\061\004\070\004\061\004\073\004\070\004\076\004\102\004\065\004\072\004\060}{}% 22
\BOOKMARK [1][-]{section.4.1}{\376\377\004\033\004\065\004\072\004\106\004\070\004\117\000\040\0000\0006\000.\0000\0003\000.\0002\0000\0001\0002\000.\000\040\004\020\004\064\004\060\004\077\004\102\004\065\004\100\004\113\000\040\004\070\000\040\004\070\004\102\004\065\004\100\004\060\004\102\004\076\004\100\004\113}{chapter.4}% 23
\BOOKMARK [2][-]{subsection.4.1.1}{\376\377\004\020\004\064\004\060\004\077\004\102\004\065\004\100\004\113}{section.4.1}% 24
\BOOKMARK [2][-]{subsection.4.1.2}{\376\377\004\030\004\102\004\065\004\100\004\060\004\102\004\076\004\100\004\113}{section.4.1}% 25
\BOOKMARK [2][-]{subsection.4.1.3}{\376\377\004\042\004\070\004\077\004\113\000\040\004\070\004\102\004\065\004\100\004\060\004\102\004\076\004\100\004\076\004\062}{section.4.1}% 26
\BOOKMARK [2][-]{subsection.4.1.4}{\376\377\004\022\004\101\004\117\004\072\004\070\004\065\000\040\004\101\004\102\004\100\004\060\004\075\004\075\004\076\004\101\004\102\004\070}{section.4.1}% 27
\BOOKMARK [2][-]{subsection.4.1.5}{\376\377\000I\000n\000p\000u\000t\000\040\004\070\000\040\000O\000u\000t\000p\000u\000t\000\040\004\070\004\102\004\065\004\100\004\060\004\102\004\076\004\100\004\113}{section.4.1}% 28
