\BOOKMARK [0][-]{chapter.1}{\376\377\004\055\004\115\004\115\004\115\004\115\004\115}{}% 1
\BOOKMARK [1][-]{section.1.1}{\376\377\004\033\004\065\004\072\004\102\004\076\004\100}{chapter.1}% 2
\BOOKMARK [1][-]{section.1.2}{\376\377\004\033\004\070\004\102\004\065\004\100\004\060\004\102\004\103\004\100\004\060}{chapter.1}% 3
\BOOKMARK [1][-]{section.1.3}{\376\377\004\033\004\070\004\072\004\061\004\065\004\067\000\040\004\064\004\073\004\117\000\040\004\107\004\060\004\071\004\075\004\070\004\072\004\076\004\062}{chapter.1}% 4
\BOOKMARK [1][-]{section.1.4}{\376\377\000k\000-\004\101\004\076\004\107\004\065\004\102\004\060\004\075\004\070\004\117\000\040\004\061\004\065\004\067\000\040\004\077\004\076\004\062\004\102\004\076\004\100\004\065\004\075\004\070\004\071}{chapter.1}% 5
\BOOKMARK [1][-]{section.1.5}{\376\377\000k\000-\004\101\004\076\004\107\004\065\004\102\004\060\004\075\004\070\004\117\000\040\004\101\000\040\004\077\004\076\004\062\004\102\004\076\004\100\004\065\004\075\004\070\004\117\004\074\004\070}{chapter.1}% 6
\BOOKMARK [1][-]{section.1.6}{\376\377\004\024\004\076\004\074\004\060\004\110\004\075\004\070\004\065\000\040\004\067\004\060\004\064\004\060\004\075\004\070\004\117}{chapter.1}% 7
\BOOKMARK [0][-]{chapter.2}{\376\377\000k\000-\004\077\004\065\004\100\004\065\004\101\004\102\004\060\004\075\004\076\004\062\004\072\004\070\000\040\004\070\004\067\000\040\000n\000-\004\115\004\073\004\065\004\074\004\065\004\075\004\102\004\076\004\062}{}% 8
\BOOKMARK [1][-]{subsection.2.0.1}{\376\377\000k\000-\004\077\004\065\004\100\004\065\004\101\004\102\004\060\004\075\004\076\004\062\004\072\004\070\000\040\004\070\004\067\000\040\000n\000-\004\115\004\073\004\065\004\074\004\065\004\075\004\102\004\076\004\062}{chapter.2}% 9
\BOOKMARK [1][-]{section.2.1}{\376\377\004\024\004\076\004\074\004\060\004\110\004\075\004\070\004\065\000\040\004\067\004\060\004\064\004\060\004\075\004\070\004\117\000\040\000-\000\040\004\067\004\060\004\064\004\060\004\107\004\070}{chapter.2}% 10
\BOOKMARK [0][-]{chapter.3}{\376\377\004\037\004\076\004\064\004\101\004\107\004\065\004\102\000\040\004\107\004\070\004\101\004\073\004\060\000\040\004\076\004\102\004\076\004\061\004\100\004\060\004\066\004\065\004\075\004\070\004\071}{}% 11
\BOOKMARK [1][-]{subsection.3.0.1}{\376\377\004\035\004\060\004\067\004\062\004\060\004\075\004\070\004\065\000\040\004\101\004\102\004\076\004\073\004\114\000\040\004\064\004\073\004\070\004\075\004\075\004\076\004\065\000,\000\040\004\107\004\102\004\076\000\040\004\075\004\065\000\040\004\077\004\076\004\074\004\065\004\111\004\060\004\065\004\102\004\101\004\117}{chapter.3}% 12
\BOOKMARK [2][-]{subsection.3.0.2}{\376\377\004\035\004\065\000\040\004\074\004\065\004\075\004\065\004\065\000\040\004\064\004\073\004\070\004\075\004\075\004\076\004\065\000\040\004\075\004\060\004\067\004\062\004\060\004\075\004\070\004\065}{subsection.3.0.1}% 13
\BOOKMARK [0][-]{chapter.4}{\376\377\000A\000\040\000l\000i\000t\000t\000l\000e\000\040\000b\000i\000t\000\040\000c\000o\000n\000c\000l\000u\000s\000i\000o\000n}{}% 14
\BOOKMARK [1][-]{subsection.4.0.3}{\376\377\004\037\004\076\004\064\004\062\004\065\004\064\004\065\004\074\000\040\004\074\004\060\004\073\004\065\004\075\004\114\004\072\004\070\004\071\000\040\004\070\004\102\004\076\004\063}{chapter.4}% 15
\BOOKMARK [2][-]{subsection.4.0.4}{\376\377\004\022\004\065\004\100\004\075\004\065\004\074\004\101\004\117\000\040\004\072\000\040\004\064\004\065\004\073\004\103}{subsection.4.0.3}% 16
\BOOKMARK [0][-]{chapter.5}{\376\377\004\037\004\100\004\076\004\070\004\067\004\062\004\076\004\064\004\117\004\111\004\070\004\065\000\040\004\104\004\103\004\075\004\072\004\106\004\070\004\070\000\040\000-\000\040\004\075\004\060\004\110\004\065\000\040\004\101\004\065\000\040\004\070\000\040\004\065\004\111\004\065\000\040\004\072\004\076\004\065\000-\004\107\004\102\004\076}{}% 17
\BOOKMARK [1][-]{section.5.1}{\376\377\004\036\000\040\004\077\004\076\004\073\004\114\004\067\004\065\000\040\004\077\004\100\004\065\004\064\004\101\004\102\004\060\004\062\004\073\004\065\004\075\004\070\004\071}{chapter.5}% 18
\BOOKMARK [1][-]{section.5.2}{\376\377\004\040\004\065\004\072\004\103\004\100\004\100\004\065\004\075\004\102\004\075\004\113\004\065\000\040\004\101\004\076\004\076\004\102\004\075\004\076\004\110\004\065\004\075\004\070\004\117}{chapter.5}% 19
\BOOKMARK [2][-]{subsection.5.2.1}{\376\377\004\040\004\065\004\072\004\103\004\100\004\101\004\070\004\117\000\040\004\070\000\040\004\077\004\100\004\076\004\070\004\067\004\062\004\076\004\064\004\117\004\111\004\070\004\065\000\040\004\104\004\103\004\075\004\072\004\106\004\070\004\070}{section.5.2}% 20
\BOOKMARK [2][-]{subsection.5.2.2}{\376\377\004\040\004\065\004\072\004\103\004\100\004\101\004\070\004\117\000\040\004\101\000\040\004\077\004\065\004\100\004\065\004\074\004\065\004\075\004\075\004\113\004\074\004\070\000\040\004\072\004\076\004\115\004\104\004\104\004\070\004\106\004\070\004\065\004\075\004\102\004\060\004\074\004\070}{section.5.2}% 21
\BOOKMARK [0][-]{chapter.6}{\376\377\004\047\004\070\004\101\004\073\004\060\000\040\004\032\004\060\004\102\004\060\004\073\004\060\004\075\004\060}{}% 22
\BOOKMARK [1][-]{section.6.1}{\376\377\004\022\004\062\004\065\004\064\004\065\004\075\004\070\004\065}{chapter.6}% 23
\BOOKMARK [1][-]{section.6.2}{\376\377\004\022\004\072\004\103\004\101\004\075\004\076\004\101\004\102\004\114}{chapter.6}% 24
\BOOKMARK [1][-]{section.6.3}{\376\377\004\027\004\060\004\074\004\072\004\075\004\103\004\102\004\060\004\117\000\040\004\104\004\076\004\100\004\074\004\103\004\060\004\073\000\040\004\064\004\073\004\117\000\040\004\107\004\070\004\101\004\065\004\073\000\040\004\032\004\060\004\102\004\060\004\073\004\060\004\075\004\060}{chapter.6}% 25
\BOOKMARK [0][-]{chapter.7}{\376\377\004\041\004\075\004\076\004\062\004\060\000\040\004\076\000\040\004\117\004\111\004\070\004\072\004\060\004\105}{}% 26
\BOOKMARK [1][-]{subsection.7.0.1}{\376\377\004\037\004\100\004\076\004\070\004\067\004\062\004\076\004\064\004\117\004\111\004\070\004\065\000\040\004\104\004\103\004\075\004\072\004\106\004\070\004\070\000\040\004\070\000\040\004\117\004\111\004\070\004\072\004\070}{chapter.7}% 27
\BOOKMARK [2][-]{subsection.7.0.2}{\376\377\004\032\004\076\004\074\004\077\004\076\004\067\004\070\004\106\004\070\004\117\000\040\004\077\004\100\004\076\004\070\004\067\004\062\004\076\004\064\004\117\004\111\004\070\004\105\000\040\004\104\004\103\004\075\004\072\004\106\004\070\004\071}{subsection.7.0.1}% 28
\BOOKMARK [2][-]{subsection.7.0.3}{\376\377\004\035\004\065\004\100\004\060\004\067\004\073\004\070\004\107\004\070\004\074\004\113\004\065\000\040\004\077\004\100\004\065\004\064\004\074\004\065\004\102\004\113\000\040\004\070\000\040\004\075\004\065\004\100\004\060\004\067\004\073\004\070\004\107\004\070\004\074\004\113\004\065\000\040\004\117\004\111\004\070\004\072\004\070}{subsection.7.0.1}% 29
\BOOKMARK [2][-]{subsection.7.0.4}{\376\377\004\024\004\070\004\060\004\063\004\100\004\060\004\074\004\074\004\075\004\060\004\117\000\040\004\102\004\065\004\105\004\075\004\070\004\072\004\060}{subsection.7.0.1}% 30
\BOOKMARK [0][-]{chapter.8}{\376\377\004\037\004\100\004\070\004\074\004\065\004\075\004\065\004\075\004\065\004\070\004\065\000\040\004\064\004\070\004\060\004\063\004\100\004\060\004\074\004\075\004\076\004\071\000\040\004\102\004\065\004\105\004\075\004\070\004\072\004\070}{}% 31
\BOOKMARK [1][-]{section.8.1}{\376\377\004\024\004\070\004\060\004\063\004\100\004\060\004\074\004\074\004\113\000\040\004\044\004\065\004\100\004\100\004\065}{chapter.8}% 32
\BOOKMARK [0][-]{chapter.9}{\376\377\004\047\004\070\004\101\004\073\004\060\000\040\004\041\004\102\004\070\004\100\004\073\004\070\004\075\004\063\004\060\000\040\004\077\004\065\004\100\004\062\004\076\004\063\004\076\000\040\004\100\004\076\004\064\004\060\000.}{}% 33
\BOOKMARK [1][-]{section.9.1}{\376\377\004\035\004\060\004\107\004\060\004\073\004\060\000\040\004\072\004\076\004\074\004\061\004\070\004\075\004\060\004\102\004\076\004\100\004\070\004\072\004\070\000\040\004\077\004\065\004\100\004\065\004\101\004\102\004\060\004\075\004\076\004\062\004\076\004\072\000.}{chapter.9}% 34
\BOOKMARK [1][-]{section.9.2}{\376\377\004\046\004\070\004\072\004\073\004\076\004\062\004\113\004\071\000\040\004\070\004\075\004\064\004\065\004\072\004\101\000\040\004\077\004\065\004\100\004\065\004\101\004\102\004\060\004\075\004\076\004\062\004\072\004\070}{chapter.9}% 35
