\BOOKMARK [0][-]{chapter.1}{\376\377\004\022\004\076\004\077\004\100\004\076\004\101\000\040\041\026\0001}{}% 1
\BOOKMARK [1][-]{section.1.1}{\376\377\004\037\004\100\004\060\004\062\004\070\004\073\004\076\000\040\004\101\004\103\004\074\004\074\004\113}{chapter.1}% 2
\BOOKMARK [1][-]{section.1.2}{\376\377\004\037\004\076\004\075\004\117\004\102\004\070\004\065\000\040\000k\000-\004\101\004\076\004\107\004\065\004\102\004\060\004\075\004\070\004\117\000\040\004\061\004\065\004\067\000\040\004\077\004\076\004\062\004\102\004\076\004\100\004\065\004\075\004\070\004\071}{chapter.1}% 3
\BOOKMARK [1][-]{section.1.3}{\376\377\004\040\004\065\004\072\004\103\004\100\004\100\004\065\004\075\004\102\004\075\004\076\004\065\000\040\004\101\004\076\004\076\004\102\004\075\004\076\004\110\004\065\004\075\004\070\004\065}{chapter.1}% 4
\BOOKMARK [1][-]{section.1.4}{\376\377\004\036\004\101\004\075\004\076\004\062\004\075\004\113\004\065\000\040\004\102\004\076\004\066\004\064\004\065\004\101\004\102\004\062\004\060}{chapter.1}% 5
\BOOKMARK [2][-]{subsection.1.4.1}{\376\377\004\041\004\103\004\074\004\074\004\070\004\100\004\076\004\062\004\060\004\075\004\070\004\065\000\040\004\077\004\076\000\040\004\062\004\065\004\100\004\105\004\075\004\065\004\074\004\103\000\040\004\070\004\075\004\064\004\065\004\072\004\101\004\103}{section.1.4}% 6
\BOOKMARK [2][-]{subsection.1.4.2}{\376\377\004\041\004\103\004\074\004\074\004\070\004\100\004\076\004\062\004\060\004\075\004\070\004\065\000\040\004\077\004\076\000\040\004\064\004\070\004\060\004\063\004\076\004\075\004\060\004\073\004\070}{section.1.4}% 7
\BOOKMARK [2][-]{subsection.1.4.3}{\376\377\004\042\004\076\004\066\004\064\004\065\004\101\004\102\004\062\004\076\000\040\004\022\004\060\004\075\004\064\004\065\004\100\004\074\004\076\004\075\004\064\004\060}{section.1.4}% 8
\BOOKMARK [1][-]{section.1.5}{\376\377\004\021\004\070\004\075\004\076\004\074\004\070\004\060\004\073\004\114\004\075\004\060\004\117\000\040\004\104\004\076\004\100\004\074\004\103\004\073\004\060}{chapter.1}% 9
\BOOKMARK [0][-]{chapter.2}{\376\377\004\022\004\076\004\077\004\100\004\076\004\101\000\040\041\026\0002}{}% 10
\BOOKMARK [1][-]{section.2.1}{\376\377\000k\000-\004\101\004\076\004\107\004\065\004\102\004\075\004\070\004\065\000\040\004\101\000\040\004\077\004\076\004\062\004\102\004\076\004\100\004\065\004\075\004\070\004\117\004\074\004\070}{chapter.2}% 11
\BOOKMARK [1][-]{section.2.2}{\376\377\004\037\004\076\004\064\004\101\004\107\004\065\004\102\000\040\004\107\004\070\004\101\004\073\004\060\000\040\004\101\004\076\004\107\004\065\004\102\004\060\004\075\004\070\004\071\000\040\004\101\000\040\004\077\004\076\004\062\004\102\004\076\004\100\004\065\004\075\004\070\004\117\004\074\004\070}{chapter.2}% 12
\BOOKMARK [1][-]{section.2.3}{\376\377\004\040\004\065\004\072\004\103\004\100\004\100\004\065\004\075\004\102\004\075\004\076\004\065\000\040\004\101\004\076\004\076\004\102\004\075\004\076\004\110\004\065\004\075\004\070\004\065}{chapter.2}% 13
\BOOKMARK [1][-]{section.2.4}{\376\377\004\041\004\077\004\065\004\106\004\070\004\060\004\073\004\114\004\075\004\076\004\065\000\040\004\102\004\076\004\066\004\064\004\065\004\101\004\102\004\062\004\076}{chapter.2}% 14
\BOOKMARK [0][-]{chapter.3}{\376\377\004\022\004\076\004\077\004\100\004\076\004\101\000\040\041\026\0003}{}% 15
\BOOKMARK [1][-]{section.3.1}{\376\377\000k\000-\004\077\004\065\004\100\004\065\004\101\004\102\004\060\004\075\004\076\004\062\004\072\004\060\000\040\004\070\004\067\000\040\000n\000-\004\115\004\073\004\065\004\074\004\065\004\075\004\102\004\076\004\062}{chapter.3}% 16
\BOOKMARK [1][-]{section.3.2}{\376\377\004\040\004\065\004\072\004\103\004\100\004\100\004\065\004\075\004\102\004\075\004\076\004\065\000\040\004\101\004\076\004\076\004\102\004\075\004\076\004\110\004\065\004\075\004\070\004\065}{chapter.3}% 17
\BOOKMARK [1][-]{section.3.3}{\376\377\004\041\004\062\004\117\004\067\004\114\000\040\004\101\004\076\004\107\004\065\004\102\004\060\004\075\004\070\004\071\000\040\004\070\000\040\004\077\004\065\004\100\004\065\004\101\004\102\004\060\004\075\004\076\004\062\004\076\004\072}{chapter.3}% 18
\BOOKMARK [0][-]{chapter.4}{\376\377\004\022\004\076\004\077\004\100\004\076\004\101\000\040\041\026\0004}{}% 19
\BOOKMARK [1][-]{section.4.1}{\376\377\004\041\004\076\004\107\004\065\004\102\004\060\004\075\004\070\004\117\000\040\004\061\004\065\004\067\000\040\004\077\004\076\004\062\004\102\004\076\004\100\004\065\004\075\004\070\004\071}{chapter.4}% 20
\BOOKMARK [2][-]{subsection.4.1.1}{\376\377\004\043\004\100\004\075\004\076\004\062\004\060\004\117\000\040\004\101\004\105\004\065\004\074\004\060}{section.4.1}% 21
\BOOKMARK [2][-]{subsection.4.1.2}{\376\377\004\040\004\060\004\101\004\072\004\073\004\060\004\064\004\072\004\060\000\040\004\077\004\076\000\040\004\117\004\111\004\070\004\072\004\060\004\074}{section.4.1}% 22
\BOOKMARK [1][-]{section.4.2}{\376\377\004\041\004\076\004\107\004\065\004\102\004\060\004\075\004\070\004\117\000\040\004\101\000\040\004\077\004\076\004\062\004\102\004\076\004\100\004\065\004\075\004\070\004\117\004\074\004\070}{chapter.4}% 23
\BOOKMARK [2][-]{subsection.4.2.1}{\376\377\004\043\004\100\004\075\004\076\004\062\004\060\004\117\000\040\004\101\004\105\004\065\004\074\004\060}{section.4.2}% 24
\BOOKMARK [2][-]{subsection.4.2.2}{\376\377\004\040\004\060\004\101\004\072\004\073\004\060\004\064\004\072\004\060\000\040\004\077\004\076\000\040\004\117\004\111\004\070\004\072\004\060\004\074}{section.4.2}% 25
\BOOKMARK [1][-]{section.4.3}{\376\377\004\037\004\065\004\100\004\065\004\101\004\102\004\060\004\075\004\076\004\062\004\072\004\070\000\040\004\061\004\065\004\067\000\040\004\077\004\076\004\062\004\102\004\076\004\100\004\065\004\075\004\070\004\071}{chapter.4}% 26
\BOOKMARK [2][-]{subsection.4.3.1}{\376\377\004\043\004\100\004\075\004\076\004\062\004\060\004\117\000\040\004\101\004\105\004\065\004\074\004\060}{section.4.3}% 27
\BOOKMARK [2][-]{subsection.4.3.2}{\376\377\004\040\004\060\004\101\004\072\004\073\004\060\004\064\004\072\004\060\000\040\004\077\004\076\000\040\004\117\004\111\004\070\004\072\004\060\004\074}{section.4.3}% 28
\BOOKMARK [1][-]{section.4.4}{\376\377\004\037\004\065\004\100\004\065\004\101\004\102\004\060\004\075\004\076\004\062\004\072\004\070\000\040\004\101\000\040\004\077\004\076\004\062\004\102\004\076\004\100\004\065\004\075\004\070\004\117\004\074\004\070}{chapter.4}% 29
\BOOKMARK [2][-]{subsection.4.4.1}{\376\377\004\043\004\100\004\075\004\076\004\062\004\060\004\117\000\040\004\101\004\105\004\065\004\074\004\060}{section.4.4}% 30
\BOOKMARK [2][-]{subsection.4.4.2}{\376\377\004\040\004\060\004\101\004\072\004\073\004\060\004\064\004\072\004\060\000\040\004\077\004\076\000\040\004\117\004\111\004\070\004\072\004\060\004\074}{section.4.4}% 31
\BOOKMARK [1][-]{section.4.5}{\376\377\004\040\004\060\004\067\004\061\004\070\004\065\004\075\004\070\004\065\000\040\004\107\004\070\004\101\004\073\004\060\000\040\000k\000\040\004\075\004\060\000\040\000n\000\040\004\101\004\073\004\076\004\063\004\060\004\065\004\074\004\113\004\105}{chapter.4}% 32
\BOOKMARK [2][-]{subsection.4.5.1}{\376\377\004\037\004\065\004\100\004\062\004\076\004\065\000\040\004\103\004\101\004\073\004\076\004\062\004\070\004\065}{section.4.5}% 33
\BOOKMARK [2][-]{subsection.4.5.2}{\376\377\004\022\004\102\004\076\004\100\004\076\004\065\000\040\004\103\004\101\004\073\004\076\004\062\004\070\004\065}{section.4.5}% 34
\BOOKMARK [2][-]{subsection.4.5.3}{\376\377\004\042\004\100\004\065\004\102\004\114\004\065\000\040\004\103\004\101\004\073\004\076\004\062\004\070\004\065}{section.4.5}% 35
\BOOKMARK [0][-]{chapter.5}{\376\377\004\022\004\076\004\077\004\100\004\076\004\101\000\040\041\026\0005}{}% 36
\BOOKMARK [1][-]{section.5.1}{\376\377\004\036\004\102\004\076\004\061\004\100\004\060\004\066\004\065\004\075\004\070\004\117}{chapter.5}% 37
\BOOKMARK [1][-]{section.5.2}{\376\377\004\044\004\076\004\100\004\074\004\103\004\073\004\113\000\040\004\076\004\061\004\100\004\060\004\111\004\065\004\075\004\070\004\117\000\040\004\107\004\070\004\101\004\073\004\076\004\062\004\113\004\105\000\040\004\077\004\076\004\101\004\073\004\065\004\064\004\076\004\062\004\060\004\102\004\065\004\073\004\114\004\075\004\076\004\101\004\102\004\065\004\071}{chapter.5}% 38
\BOOKMARK [1][-]{section.5.3}{\376\377\004\047\004\070\004\101\004\073\004\076\000\040\004\101\004\116\004\100\004\114\004\065\004\072\004\102\004\070\004\062\004\075\004\113\004\105\000\040\004\076\004\102\004\076\004\061\004\100\004\060\004\066\004\065\004\075\004\070\004\071}{chapter.5}% 39
\BOOKMARK [0][-]{chapter.6}{\376\377\004\022\004\076\004\077\004\100\004\076\004\101\000\040\041\026\0006}{}% 40
\BOOKMARK [1][-]{section.6.1}{\376\377\004\032\004\076\004\073\004\070\004\107\004\065\004\101\004\102\004\062\004\076\000\040\004\100\004\060\004\067\004\064\004\065\004\073\004\065\004\075\004\070\004\071}{chapter.6}% 41
\BOOKMARK [1][-]{section.6.2}{\376\377\004\037\004\065\004\100\004\065\004\101\004\102\004\060\004\075\004\076\004\062\004\072\004\070\000\040\004\101\000\040\004\077\004\076\004\062\004\102\004\076\004\100\004\065\004\075\004\070\004\117\004\074\004\070}{chapter.6}% 42
\BOOKMARK [1][-]{section.6.3}{\376\377\004\021\004\070\004\065\004\072\004\106\004\070\004\070}{chapter.6}% 43
\BOOKMARK [0][-]{chapter.7}{\376\377\004\022\004\076\004\077\004\100\004\076\004\101\000\040\041\026\0007}{}% 44
\BOOKMARK [1][-]{section.7.1}{\376\377\004\040\004\060\004\101\004\072\004\073\004\060\004\064\004\072\004\070\000\040\004\070\000\040\004\107\004\070\004\101\004\073\004\060\000\040\004\041\004\102\004\070\004\100\004\073\004\070\004\075\004\063\004\060}{chapter.7}% 45
\BOOKMARK [1][-]{section.7.2}{\376\377\004\040\004\065\004\072\004\103\004\100\004\100\004\065\004\075\004\102\004\075\004\060\004\117\000\040\004\104\004\076\004\100\004\074\004\103\004\073\004\060}{chapter.7}% 46
\BOOKMARK [1][-]{section.7.3}{\376\377\004\047\004\070\004\101\004\073\004\060\000\040\004\021\004\065\004\073\004\073\004\060}{chapter.7}% 47
\BOOKMARK [0][-]{chapter.8}{\376\377\004\022\004\076\004\077\004\100\004\076\004\101\000\040\041\026\0008}{}% 48
\BOOKMARK [1][-]{section.8.1}{\376\377\004\036\004\101\004\075\004\076\004\062\004\075\004\113\004\065\000\040\004\076\004\077\004\100\004\065\004\064\004\065\004\073\004\065\004\075\004\070\004\117}{chapter.8}% 49
\BOOKMARK [1][-]{section.8.2}{\376\377\004\036\004\101\004\075\004\076\004\062\004\075\004\113\004\065\000\040\004\076\004\077\004\065\004\100\004\060\004\106\004\070\004\070}{chapter.8}% 50
\BOOKMARK [1][-]{section.8.3}{\376\377\004\037\004\100\004\070\004\074\004\065\004\100\004\113}{chapter.8}% 51
\BOOKMARK [0][-]{chapter.9}{\376\377\004\022\004\076\004\077\004\100\004\076\004\101\000\040\041\026\0009}{}% 52
\BOOKMARK [1][-]{section.9.1}{\376\377\004\036\004\101\004\075\004\076\004\062\004\075\004\113\004\065\000\040\004\076\004\077\004\100\004\065\004\064\004\065\004\073\004\065\004\075\004\070\004\117}{chapter.9}% 53
\BOOKMARK [1][-]{section.9.2}{\376\377\004\034\004\065\004\102\004\076\004\064\004\113\000\040\004\100\004\065\004\110\004\065\004\075\004\070\004\117}{chapter.9}% 54
\BOOKMARK [1][-]{section.9.3}{\376\377\004\037\004\100\004\070\004\074\004\065\004\100\000\040\000-\000\040\004\107\004\070\004\101\004\073\004\060\000\040\004\044\004\070\004\061\004\076\004\075\004\060\004\107\004\107\004\070}{chapter.9}% 55
\BOOKMARK [0][-]{chapter.10}{\376\377\004\022\004\076\004\077\004\100\004\076\004\101\000\040\041\026\000\040\0001\0000}{}% 56
\BOOKMARK [1][-]{section.10.1}{\376\377\004\035\004\065\004\076\004\064\004\075\004\076\004\100\004\076\004\064\004\075\004\113\004\065\000\040\004\100\004\065\004\072\004\103\004\100\004\100\004\065\004\075\004\102\004\075\004\113\004\065\000\040\004\101\004\076\004\076\004\102\004\075\004\076\004\110\004\065\004\075\004\070\004\117}{chapter.10}% 57
\BOOKMARK [0][-]{chapter.11}{\376\377\004\022\004\076\004\077\004\100\004\076\004\101\000\040\041\026\0001\0001}{}% 58
\BOOKMARK [1][-]{section.11.1}{\376\377\004\037\004\100\004\076\004\070\004\067\004\062\004\076\004\064\004\075\004\060\004\117\000\040\004\070\000\040\004\070\004\075\004\102\004\065\004\063\004\100\004\060\004\073\000\040\004\077\004\100\004\076\004\070\004\067\004\062\004\076\004\064\004\117\004\111\004\065\004\071\000\040\004\104\004\103\004\075\004\072\004\106\004\070\004\070}{chapter.11}% 59
\BOOKMARK [1][-]{section.11.2}{\376\377\004\040\004\065\004\072\004\103\004\100\004\100\004\065\004\075\004\102\004\075\004\113\004\065\000\040\004\101\004\076\004\076\004\102\004\075\004\076\004\110\004\065\004\075\004\070\004\117\000\040\004\101\000\040\004\077\004\065\004\100\004\065\004\074\004\065\004\075\004\075\004\113\004\074\004\070\000\040\004\072\004\076\004\115\004\104\004\104\004\070\004\106\004\070\004\065\004\075\004\102\004\060\004\074\004\070}{chapter.11}% 60
\BOOKMARK [1][-]{section.11.3}{\376\377\004\055\004\072\004\101\004\077\004\076\004\075\004\065\004\075\004\106\004\070\004\060\004\073\004\114\004\075\004\113\004\065\000\040\004\077\004\100\004\076\004\070\004\067\004\062\004\076\004\064\004\117\004\111\004\070\004\065\000\040\004\104\004\103\004\075\004\072\004\106\004\070\004\070}{chapter.11}% 61
\BOOKMARK [0][-]{chapter.12}{\376\377\004\022\004\076\004\077\004\100\004\076\004\101\000\040\041\026\0001\0002}{}% 62
\BOOKMARK [1][-]{section.12.1}{\376\377\004\047\004\070\004\101\004\073\004\060\000\040\004\032\004\060\004\102\004\060\004\073\004\060\004\075\004\060}{chapter.12}% 63
\BOOKMARK [1][-]{section.12.2}{\376\377\004\035\004\065\004\073\004\070\004\075\004\065\004\071\004\075\004\113\004\065\000\040\004\100\004\065\004\072\004\103\004\100\004\100\004\065\004\075\004\102\004\075\004\113\004\065\000\040\004\101\004\076\004\076\004\102\004\075\004\076\004\110\004\065\004\075\004\070\004\117}{chapter.12}% 64
\BOOKMARK [0][-]{chapter.13}{\376\377\004\022\004\076\004\077\004\100\004\076\004\101\000\040\041\026\0001\0003}{}% 65
\BOOKMARK [1][-]{section.13.1}{\376\377\004\037\004\100\004\076\004\070\004\067\004\062\004\065\004\064\004\065\004\075\004\070\004\065\000\040\004\076\004\077\004\104}{chapter.13}% 66
\BOOKMARK [1][-]{section.13.2}{\376\377\004\037\004\100\004\076\004\070\004\067\004\062\004\065\004\064\004\065\004\075\004\070\004\065\000\040\004\115\004\077\004\104}{chapter.13}% 67
\BOOKMARK [0][-]{chapter.14}{\376\377\004\022\004\076\004\077\004\100\004\076\004\101\000\040\041\026\0001\0004}{}% 68
\BOOKMARK [1][-]{section.14.1}{\376\377\004\022\004\062\004\076\004\064\004\075\004\113\004\065\000\040\004\067\004\060\004\074\004\065\004\107\004\060\004\075\004\070\004\117\000,\000\040\004\077\004\100\004\076\004\101\004\102\004\065\004\071\004\110\004\070\004\071\000\040\004\101\004\073\004\103\004\107\004\060\004\071}{chapter.14}% 69
\BOOKMARK [1][-]{section.14.2}{\376\377\004\037\004\100\004\076\004\070\004\067\004\062\004\076\004\073\004\114\004\075\004\076\004\065\000\040\004\107\004\070\004\101\004\073\004\076\000\040\004\117\004\111\004\070\004\072\004\076\004\062}{chapter.14}% 70
\BOOKMARK [1][-]{section.14.3}{\376\377\004\035\004\065\000\040\004\061\004\076\004\073\004\065\004\065\000\040\004\076\004\064\004\075\004\076\004\063\004\076\000\040\004\077\004\100\004\065\004\064\004\074\004\065\004\102\004\060\000\040\004\062\000\040\004\117\004\111\004\070\004\072\004\065}{chapter.14}% 71
\BOOKMARK [1][-]{section.14.4}{\376\377\004\041\004\116\004\100\004\114\004\065\004\072\004\102\004\070\004\062\004\075\004\113\004\065\000\040\004\076\004\102\004\076\004\061\004\100\004\060\004\066\004\065\004\075\004\070\004\117}{chapter.14}% 72
\BOOKMARK [0][-]{chapter.15}{\376\377\004\022\004\076\004\077\004\100\004\076\004\101\000\040\041\026\0001\0005}{}% 73
\BOOKMARK [1][-]{section.15.1}{\376\377\004\033\004\070\004\075\004\065\004\071\004\075\004\076\000\040\004\103\004\077\004\076\004\100\004\117\004\064\004\076\004\107\004\065\004\075\004\075\004\076\004\065\000\040\004\074\004\075\004\076\004\066\004\065\004\101\004\102\004\062\004\076}{chapter.15}% 74
\BOOKMARK [1][-]{section.15.2}{\376\377\004\040\004\060\004\101\004\072\004\073\004\060\004\064\004\072\004\060\000\040\004\061\004\065\004\067\000\040\004\076\004\063\004\100\004\060\004\075\004\070\004\107\004\065\004\075\004\070\004\071}{chapter.15}% 75
\BOOKMARK [1][-]{section.15.3}{\376\377\004\040\004\060\004\101\004\072\004\073\004\060\004\064\004\072\004\060\000\040\004\101\000\040\004\076\004\063\004\100\004\060\004\075\004\070\004\107\004\065\004\075\004\070\004\117\004\074\004\070}{chapter.15}% 76
\BOOKMARK [0][-]{chapter.16}{\376\377\004\022\004\076\004\077\004\100\004\076\004\101\000\040\041\026\000\040\0001\0006}{}% 77
\BOOKMARK [1][-]{section.16.1}{\376\377\004\022\004\062\004\076\004\064\004\075\004\113\004\065\000\040\004\076\004\077\004\100\004\065\004\064\004\065\004\073\004\065\004\075\004\070\004\117}{chapter.16}% 78
\BOOKMARK [1][-]{section.16.2}{\376\377\004\037\004\100\004\070\004\074\004\065\004\100\004\113}{chapter.16}% 79
\BOOKMARK [1][-]{section.16.3}{\376\377\004\036\004\061\004\076\004\061\004\111\004\065\004\075\004\070\004\065}{chapter.16}% 80
\BOOKMARK [0][-]{chapter.17}{\376\377\004\022\004\076\004\077\004\100\004\076\004\101\000\040\041\026\000\040\0001\0007}{}% 81
\BOOKMARK [1][-]{section.17.1}{\376\377\004\027\004\060\004\064\004\060\004\107\004\060\000\040\004\076\000\040\004\074\004\060\004\100\004\072\004\060\004\105\000\040\004\070\000\040\004\061\004\060\004\075\004\064\004\065\004\100\004\076\004\073\004\070}{chapter.17}% 82
\BOOKMARK [2][-]{subsection.17.1.1}{\376\377\004\040\004\065\004\072\004\103\004\100\004\100\004\065\004\075\004\102\004\075\004\076\004\065\000\040\004\101\004\076\004\076\004\102\004\075\004\076\004\110\004\065\004\075\004\070\004\065}{section.17.1}% 83
\BOOKMARK [2][-]{subsection.17.1.2}{\376\377\004\040\004\065\004\110\004\065\004\075\004\070\004\065\000\040\004\107\004\065\004\100\004\065\004\067\000\040\004\076\004\077\004\104}{section.17.1}% 84
\BOOKMARK [1][-]{section.17.2}{\376\377\004\040\004\060\004\067\004\061\004\070\004\065\004\075\004\070\004\065\000\040\004\107\004\070\004\101\004\073\004\060\000\040\000n\000\040\004\075\004\060\000\040\004\101\004\073\004\060\004\063\004\060\004\065\004\074\004\113\004\065}{chapter.17}% 85
\BOOKMARK [0][-]{chapter.18}{\376\377\004\022\004\076\004\077\004\100\004\076\004\101\000\040\041\026\000\040\0001\0009}{}% 86
\BOOKMARK [1][-]{section.18.1}{\376\377\004\040\004\060\004\067\004\061\004\070\004\065\004\075\004\070\004\065\000\040\004\107\004\070\004\101\004\073\004\060\000\040\000n\000\040\004\100\004\076\004\062\004\075\004\076\000\040\004\075\004\060\000\040\000k\000\040\004\101\004\073\004\076\004\063\004\060\004\065\004\074\004\113\004\105}{chapter.18}% 87
\BOOKMARK [1][-]{section.18.2}{\376\377\004\040\004\060\004\067\004\064\004\065\004\073\004\065\004\075\004\070\004\065\000\040\004\107\004\070\004\101\004\073\004\060\000\040\000n\000\040\004\075\004\060\000\040\004\075\004\065\000\040\004\061\004\076\004\073\004\065\004\065\000\040\004\107\004\065\004\074\000\040\000k\000\040\004\107\004\060\004\101\004\102\004\065\004\071}{chapter.18}% 88
\BOOKMARK [0][-]{chapter.19}{\376\377\004\022\004\076\004\077\004\100\004\076\004\101\000\040\041\026\000\040\0002\0002}{}% 89
\BOOKMARK [1][-]{section.19.1}{\376\377\004\055\004\072\004\101\004\077\004\076\004\075\004\065\004\075\004\070\004\106\004\060\004\073\004\114\004\075\004\060\004\117\000\040\004\104\004\076\004\100\004\074\004\103\004\073\004\060}{chapter.19}% 90
\BOOKMARK [1][-]{section.19.2}{\376\377\004\037\004\100\004\070\004\074\004\065\004\100\004\113}{chapter.19}% 91
\BOOKMARK [0][-]{chapter.20}{\376\377\004\022\004\076\004\077\004\100\004\076\004\101\000\040\041\026\000\040\0002\0003}{}% 92
\BOOKMARK [1][-]{section.20.1}{\376\377\004\032\004\076\004\074\004\077\004\076\004\067\004\070\004\106\004\070\004\076\004\075\004\075\004\060\004\117\000\040\004\104\004\076\004\100\004\074\004\103\004\073\004\060}{chapter.20}% 93
\BOOKMARK [1][-]{section.20.2}{\376\377\004\037\004\100\004\070\004\074\004\065\004\100\000\040\004\070\004\101\004\077\004\076\004\073\004\114\004\067\004\076\004\062\004\060\004\075\004\070\004\117\000\040\004\072\004\076\004\074\004\077\004\076\004\067\004\070\004\106\004\070\004\076\004\075\004\075\004\076\004\071\000\040\004\104\004\076\004\100\004\074\004\103\004\073\004\113}{chapter.20}% 94
\BOOKMARK [1][-]{section.20.3}{\376\377\004\037\004\065\004\100\004\065\004\107\004\070\004\101\004\073\004\065\004\075\004\070\004\065\000\040\004\077\004\076\004\074\004\065\004\107\004\065\004\075\004\075\004\113\004\105\000\040\004\063\004\100\004\060\004\104\004\076\004\062}{chapter.20}% 95
\BOOKMARK [1][-]{section.20.4}{\376\377\004\047\004\070\004\101\004\073\004\060\000\040\004\021\004\065\004\073\004\073\004\060}{chapter.20}% 96
\BOOKMARK [1][-]{section.20.5}{\376\377\004\044\004\070\004\072\004\101\004\070\004\100\004\076\004\062\004\060\004\075\004\075\004\076\004\065\000\040\004\107\004\070\004\101\004\073\004\076\000\040\004\072\004\076\004\074\004\077\004\076\004\075\004\065\004\075\004\102\000\040\004\101\004\062\004\117\004\067\004\075\004\076\004\101\004\102\004\070}{chapter.20}% 97
\BOOKMARK [0][-]{chapter.21}{\376\377\004\022\004\076\004\077\004\100\004\076\004\101\000\040\041\026\000\040\0002\0004}{}% 98
\BOOKMARK [1][-]{section.21.1}{\376\377\004\044\004\076\004\100\004\074\004\103\004\073\004\060\000\040\004\044\004\060\004\060\000\040\004\064\004\070\000\040\004\021\004\100\004\103\004\075\004\076}{chapter.21}% 99
\BOOKMARK [1][-]{section.21.2}{\376\377\004\037\004\076\004\073\004\070\004\075\004\076\004\074\004\113\000\040\004\021\004\065\004\073\004\073\004\060}{chapter.21}% 100
\BOOKMARK [1][-]{section.21.3}{\376\377\004\047\004\070\004\101\004\073\004\060\000\040\004\041\004\102\004\070\004\100\004\073\004\070\004\075\004\063\004\060\000\040\004\062\004\102\004\076\004\100\004\076\004\063\004\076\000\040\004\100\004\076\004\064\004\060}{chapter.21}% 101
\BOOKMARK [0][-]{chapter.22}{\376\377\004\022\004\076\004\077\004\100\004\076\004\101\000\040\041\026\000\040\0002\0005}{}% 102
\BOOKMARK [1][-]{section.22.1}{\376\377\004\037\004\065\004\100\004\065\004\107\004\070\004\101\004\073\004\065\004\075\004\070\004\065\000\040\004\076\004\100\004\063\004\100\004\060\004\104\004\076\004\062}{chapter.22}% 103
\BOOKMARK [1][-]{section.22.2}{\376\377\004\055\004\071\004\073\004\065\004\100\004\076\004\062\004\113\000\040\004\063\004\100\004\060\004\104\004\113}{chapter.22}% 104
\BOOKMARK [1][-]{section.22.3}{\376\377\004\032\004\076\004\064\000\040\004\037\004\100\004\116\004\104\004\065\004\100\004\060}{chapter.22}% 105
\BOOKMARK [0][-]{chapter.23}{\376\377\004\022\004\076\004\077\004\100\004\076\004\101\000\040\041\026\000\040\0002\0006}{}% 106
\BOOKMARK [1][-]{section.23.1}{\376\377\004\032\004\076\004\100\004\075\004\065\004\062\004\113\004\065\000\040\004\077\004\076\004\074\004\065\004\107\004\065\004\075\004\075\004\113\004\065\000\040\004\064\004\065\004\100\004\065\004\062\004\114\004\117}{chapter.23}% 107
\BOOKMARK [1][-]{section.23.2}{\376\377\004\032\004\076\004\074\004\061\004\070\004\075\004\060\004\102\004\076\004\100\004\075\004\113\004\071\000\040\004\101\004\074\004\113\004\101\004\073\000\040\004\077\004\100\004\076\004\070\004\067\004\062\004\065\004\064\004\065\004\075\004\070\004\117\000\040\000x\000F\000\050\000x\000\051}{chapter.23}% 108
\BOOKMARK [1][-]{section.23.3}{\376\377\004\032\004\076\004\074\004\061\004\070\004\075\004\060\004\102\004\076\004\100\004\075\004\113\004\071\000\040\004\101\004\074\004\113\004\101\004\073\000\040\004\077\004\100\004\076\004\070\004\067\004\062\004\076\004\064\004\075\004\076\004\071\000\040\004\115\004\077\004\104\000\040\000F\000'\000\050\000x\000\051}{chapter.23}% 109
\BOOKMARK [1][-]{section.23.4}{\376\377\004\032\004\076\004\074\004\061\004\070\004\075\004\060\004\102\004\076\004\100\004\075\004\113\004\071\000\040\004\101\004\074\004\113\004\101\004\073\000\040\004\115\004\077\004\104\000\040\000x\000F\000'\000\050\000x\000\051}{chapter.23}% 110
\BOOKMARK [0][-]{chapter.24}{\376\377\004\022\004\076\004\077\004\100\004\076\004\101\000\040\041\026\000\040\0002\0007}{}% 111
\BOOKMARK [1][-]{section.24.1}{\376\377\004\034\004\075\004\076\004\066\004\065\004\101\004\102\004\062\004\076\000\040\004\076\004\077\004\104\000\040\004\070\000\040\004\076\004\077\004\065\004\100\004\060\004\106\004\070\004\117\000\040\004\072\004\076\004\074\004\077\004\076\004\067\004\070\004\106\004\070\004\070}{chapter.24}% 112
\BOOKMARK [1][-]{section.24.2}{\376\377\004\037\004\076\004\070\004\101\004\072\000\040\004\076\004\061\004\100\004\060\004\102\004\075\004\076\004\063\004\076\000\040\004\115\004\073\004\065\004\074\004\065\004\075\004\102\004\060}{chapter.24}% 113
\BOOKMARK [1][-]{section.24.3}{\376\377\004\037\004\065\004\100\004\065\004\107\004\070\004\101\004\073\004\065\004\075\004\070\004\065\000\040\004\072\004\076\004\100\004\075\004\065\004\062\004\113\004\105\000\040\004\064\004\065\004\100\004\065\004\062\004\114\004\065\004\062}{chapter.24}% 114
\BOOKMARK [0][-]{chapter.25}{\376\377\004\022\004\076\004\077\004\100\004\076\004\101\000\040\041\026\000\040\0002\0008}{}% 115
\BOOKMARK [1][-]{section.25.1}{\376\377\004\042\004\065\004\076\004\100\004\065\004\074\004\060\000\040\004\033\004\060\004\063\004\100\004\060\004\075\004\066\004\060}{chapter.25}% 116
\BOOKMARK [1][-]{section.25.2}{\376\377\004\037\004\100\004\070\004\074\004\065\004\075\004\065\004\075\004\070\004\065\000\040\004\072\000\040\004\072\004\076\004\100\004\075\004\065\004\062\004\113\004\074\000\040\004\077\004\076\004\074\004\065\004\107\004\065\004\075\004\075\004\113\004\074\000\040\004\064\004\065\004\100\004\065\004\062\004\114\004\117\004\074}{chapter.25}% 117
\BOOKMARK [1][-]{section.25.3}{\376\377\004\024\004\076\004\072\004\060\004\067\004\060\004\102\004\065\004\073\004\114\004\101\004\102\004\062\004\076\000\040\004\102\004\065\004\076\004\100\004\065\004\074\004\113\000\040\004\033\004\060\004\063\004\100\004\060\004\075\004\066\004\060}{chapter.25}% 118
\BOOKMARK [0][-]{chapter.26}{\376\377\004\022\004\076\004\077\004\100\004\076\004\101\000\040\041\026\000\040\0002\0009}{}% 119
\BOOKMARK [1][-]{section.26.1}{\376\377\004\037\004\065\004\100\004\065\004\101\004\102\004\060\004\075\004\076\004\062\004\072\004\070\000\040\004\107\004\065\004\100\004\065\004\067\000\040\004\100\004\060\004\067\004\061\004\070\004\065\004\075\004\070\004\117}{chapter.26}% 120
\BOOKMARK [1][-]{section.26.2}{\376\377\004\047\004\070\004\101\004\073\004\060\000\040\004\041\004\102\004\070\004\100\004\073\004\070\004\075\004\063\004\060\000\040\004\077\004\065\004\100\004\062\004\076\004\063\004\076\000\040\004\100\004\076\004\064\004\060}{chapter.26}% 121
\BOOKMARK [0][-]{chapter.27}{\376\377\004\022\004\076\004\077\004\100\004\076\004\101\000\040\041\026\000\040\0003\0000}{}% 122
\BOOKMARK [1][-]{section.27.1}{\376\377\004\047\004\070\004\101\004\073\004\060\000\040\004\041\004\102\004\070\004\100\004\073\004\070\004\075\004\063\004\060\000\040\004\077\004\065\004\100\004\062\004\076\004\063\004\076\000\040\004\100\004\076\004\064\004\060}{chapter.27}% 123
\BOOKMARK [1][-]{section.27.2}{\376\377\004\041\004\062\004\117\004\067\004\114\000\040\004\101\000\040\004\062\004\076\004\067\004\100\004\060\004\101\004\102\004\060\004\116\004\111\004\070\004\074\000\040\004\104\004\060\004\072\004\102\004\076\004\100\004\070\004\060\004\073\004\076\004\074}{chapter.27}% 124
\BOOKMARK [1][-]{section.27.3}{\376\377\004\040\004\065\004\072\004\103\004\100\004\100\004\065\004\075\004\102\004\075\004\076\004\065\000\040\004\101\004\076\004\076\004\102\004\075\004\076\004\110\004\065\004\075\004\070\004\065\000\040\004\064\004\073\004\117\000\040\004\107\004\070\004\101\004\065\004\073\000\040\004\041\004\102\004\070\004\100\004\073\004\070\004\075\004\063\004\060\000\040\004\077\004\065\004\100\004\062\004\076\004\063\004\076\000\040\004\100\004\076\004\064\004\060}{chapter.27}% 125
\BOOKMARK [1][-]{section.27.4}{\376\377\004\047\004\070\004\073\004\060\000\040\004\041\004\102\004\100\004\070\004\073\004\070\004\075\004\063\004\060\000\040\004\101\004\076\000\040\004\067\004\075\004\060\004\072\004\076\004\074}{chapter.27}% 126
\BOOKMARK [1][-]{section.27.5}{\376\377\004\041\004\062\004\117\004\067\004\114\000\040\004\107\004\070\004\101\004\065\004\073\000\040\004\041\004\102\004\070\004\100\004\073\004\070\004\075\004\063\004\060\000\040\004\077\004\065\004\100\004\062\004\076\004\063\004\076\000\040\004\070\000\040\004\062\004\102\004\076\004\100\004\076\004\063\004\076\000\040\004\100\004\076\004\064\004\060}{chapter.27}% 127
\BOOKMARK [0][-]{chapter.28}{\376\377\004\022\004\076\004\077\004\100\004\076\004\101\000\040\041\026\000\040\0003\0001}{}% 128
\BOOKMARK [1][-]{section.28.1}{\376\377\004\046\004\070\004\072\004\073\004\076\004\062\004\113\004\071\000\040\004\070\004\075\004\064\004\065\004\072\004\101\000\040\004\070\000\040\004\064\004\076\004\077\004\076\004\073\004\075\004\065\004\075\004\075\004\113\004\071\000\040\004\106\004\070\004\072\004\073\004\076\004\062\004\113\004\071\000\040\004\070\004\075\004\064\004\065\004\072\004\101}{chapter.28}% 129
\BOOKMARK [1][-]{section.28.2}{\376\377\004\040\004\065\004\072\004\103\004\100\004\100\004\065\004\075\004\102\004\075\004\076\004\065\000\040\004\101\004\076\004\076\004\102\004\075\004\076\004\110\004\065\004\075\004\070\004\065}{chapter.28}% 130
\BOOKMARK [0][-]{chapter.29}{\376\377\004\022\004\076\004\077\004\100\004\076\004\101\000\040\041\026\000\040\0003\0002}{}% 131
\BOOKMARK [1][-]{section.29.1}{\376\377\004\047\004\070\004\101\004\073\004\060\000\040\000D\000n\000\040\004\070\000\040\000d\000\050\000n\000,\000k\000\051}{chapter.29}% 132
