\BOOKMARK [0][-]{chapter.1}{\376\377\004\021\004\060\004\075\004\060\004\073\004\114\004\075\004\076\000,\000\040\004\062\004\062\004\065\004\064\004\065\004\075\004\070\004\065}{}% 1
\BOOKMARK [1][-]{section.1.1}{\376\377\004\033\004\065\004\072\004\102\004\076\004\100}{chapter.1}% 2
\BOOKMARK [1][-]{section.1.2}{\376\377\004\033\004\070\004\102\004\065\004\100\004\060\004\102\004\103\004\100\004\060}{chapter.1}% 3
\BOOKMARK [1][-]{section.1.3}{\376\377\004\032\004\076\004\065\000-\004\072\004\060\004\072\004\070\004\065\000\040\004\101\004\062\004\065\004\064\004\065\004\075\004\070\004\117\000\040\004\070\004\067\000\040\004\064\004\065\004\102\004\101\004\102\004\062\004\060}{chapter.1}% 4
\BOOKMARK [1][-]{section.1.4}{\376\377\004\037\004\076\004\073\004\103\004\063\004\100\004\103\004\077\004\077\004\113\000,\000\040\004\074\004\076\004\075\004\076\004\070\004\064\004\113\000,\000\040\004\063\004\100\004\103\004\077\004\077\004\113}{chapter.1}% 5
\BOOKMARK [0][-]{chapter.2}{\376\377\004\034\004\076\004\100\004\104\004\070\004\067\004\074\004\113\000\040\004\070\000\040\004\077\004\100\004\076\004\107\004\070\004\065\000\040\004\063\004\060\004\064\004\076\004\101\004\102\004\070}{}% 6
\BOOKMARK [1][-]{section.2.1}{\376\377\004\021\004\076\004\073\004\114\004\110\004\060\004\117\000\040\004\072\004\103\004\107\004\060\000\040\004\076\004\077\004\100\004\065\004\064\004\065\004\073\004\065\004\075\004\070\004\071}{chapter.2}% 7
\BOOKMARK [0][-]{chapter.3}{\376\377\004\037\004\076\004\064\004\063\004\100\004\103\004\077\004\077\004\113\000\040\004\070\000\040\004\104\004\060\004\072\004\102\004\076\004\100\004\063\004\100\004\103\004\077\004\077\004\113}{}% 8
\BOOKMARK [1][-]{subsection.3.0.1}{\376\377\004\021\004\073\004\070\004\066\004\065\000\040\004\072\000\040\004\064\004\065\004\073\004\103}{chapter.3}% 9
\BOOKMARK [2][-]{subsection.3.0.2}{\376\377\004\037\004\100\004\076\004\064\004\076\004\073\004\066\004\065\004\075\004\070\004\065\000\040\004\061\004\060\004\075\004\072\004\065\004\102\004\060}{subsection.3.0.1}% 10
\BOOKMARK [2][-]{subsection.3.0.3}{\376\377\004\035\004\076\004\100\004\074\004\060\004\073\004\114\004\075\004\113\004\065\000\040\004\077\004\076\004\064\004\063\004\100\004\103\004\077\004\077\004\113}{subsection.3.0.1}% 11
\BOOKMARK [0][-]{chapter.4}{\376\377\004\041\004\102\004\100\004\103\004\072\004\102\004\103\004\100\004\113\000\040\004\063\004\100\004\103\004\077\004\077}{}% 12
\BOOKMARK [1][-]{section.4.1}{\376\377\004\037\004\100\004\117\004\074\004\076\004\065\000\040\004\077\004\100\004\076\004\070\004\067\004\062\004\065\004\064\004\065\004\075\004\070\004\065\000\040\004\063\004\100\004\103\004\077\004\077}{chapter.4}% 13
\BOOKMARK [1][-]{section.4.2}{\376\377\004\037\004\100\004\117\004\074\004\060\004\117\000\040\004\101\004\103\004\074\004\074\004\060\000\040\004\060\004\061\004\065\004\073\004\065\004\062\004\113\004\105\000\040\004\063\004\100\004\103\004\077\004\077}{chapter.4}% 14
\BOOKMARK [1][-]{section.4.3}{\376\377\004\023\004\100\004\103\004\077\004\077\004\060\000\040\004\076\004\061\004\100\004\060\004\102\004\070\004\074\004\113\004\105\000\040\004\076\004\101\004\102\004\060\004\102\004\072\004\076\004\062\000\040\004\070\000\040\004\104\004\103\004\075\004\072\004\106\004\070\004\117\000\040\004\055\004\071\004\073\004\065\004\100\004\060}{chapter.4}% 15
\BOOKMARK [0][-]{chapter.5}{\376\377\004\041\004\070\004\074\004\074\004\065\004\102\004\100\004\070\004\107\004\065\004\101\004\072\004\070\000\040\004\063\004\100\004\103\004\077\004\077\004\113\000\040\004\070\000\040\004\032\004\076}{}% 16
\BOOKMARK [1][-]{section.5.1}{\376\377\004\027\004\075\004\060\004\072}{chapter.5}% 17
\BOOKMARK [1][-]{section.5.2}{\376\377\004\024\004\065\004\071\004\101\004\102\004\062\004\070\004\065\000\040\004\063\004\100\004\103\004\077\004\077\000\040\004\075\004\060\000\040\004\074\004\075\004\076\004\066\004\065\004\101\004\102\004\062\004\076}{chapter.5}% 18
\BOOKMARK [0][-]{chapter.6}{\376\377\004\036\004\100\004\061\004\070\004\102\004\113\000,\000\040\004\101\004\102\004\060\004\061\004\070\004\073\004\070\004\067\004\060\004\102\004\076\004\100\004\113\000\040\004\070\000\040\004\032\004\076}{}% 19
\BOOKMARK [1][-]{section.6.1}{\376\377\004\022\000\040\004\077\004\100\004\065\004\064\004\113\004\064\004\103\004\111\004\070\004\105\000\040\004\101\004\065\004\100\004\070\004\117\004\105}{chapter.6}% 20
\BOOKMARK [0][-]{chapter.7}{\376\377\004\037\004\076\004\073\004\103\000\040\004\077\004\100\004\117\004\074\004\076\004\065\000\040\004\077\004\100\004\076\004\070\004\067\004\062\004\065\004\064\004\065\004\075\004\070\004\065\000\040\004\063\004\100\004\103\004\077\004\077\000\040\004\070\000\040\004\062\004\101\004\065\000,\000\040\004\107\004\102\004\076\000\040\004\101\000\040\004\075\004\070\004\074\000\040\004\101\004\062\004\117\004\067\004\060\004\075\004\076}{}% 21
\BOOKMARK [1][-]{section.7.1}{\376\377\004\022\004\062\004\076\004\064\004\075\004\113\004\065\000\040\004\076\004\077\004\100\004\065\004\064\004\065\004\073\004\065\004\075\004\070\004\117}{chapter.7}% 22
\BOOKMARK [1][-]{section.7.2}{\376\377\004\023\004\100\004\103\004\077\004\077\004\113\000\040\004\064\004\070\004\115\004\064\004\100\004\060\000\040\004\070\000\040\004\077\004\076\004\073\004\103\004\077\004\100\004\117\004\074\004\076\004\065\000\040\004\077\004\100\004\076\004\070\004\067\004\062\004\065\004\064\004\065\004\075\004\070\004\065}{chapter.7}% 23
