\BOOKMARK [0][-]{chapter.1}{\376\377\004\033\004\065\004\072\004\106\004\070\004\117\000\040\0001\000.\000\040\004\022\004\062\004\065\004\064\004\065\004\075\004\070\004\065}{}% 1
\BOOKMARK [1][-]{section.1.1}{\376\377\004\036\000\040\004\077\004\100\004\065\004\077\004\076\004\064\004\060\004\062\004\060\004\102\004\065\004\073\004\065}{chapter.1}% 2
\BOOKMARK [1][-]{section.1.2}{\376\377\004\022\004\062\004\065\004\064\004\065\004\075\004\070\004\065\000\040\004\062\000\040\004\077\004\100\004\065\004\064\004\074\004\065\004\102}{chapter.1}% 3
\BOOKMARK [1][-]{section.1.3}{\376\377\004\036\004\077\004\065\004\100\004\060\004\106\004\070\004\076\004\075\004\075\004\060\004\117\000\040\004\101\004\065\004\074\004\060\004\075\004\102\004\070\004\072\004\060\000\040\004\117\004\067\004\113\004\072\004\076\004\062}{chapter.1}% 4
\BOOKMARK [0][-]{chapter.2}{\376\377\004\033\004\065\004\072\004\106\004\070\004\117\000\040\0002}{}% 5
\BOOKMARK [1][-]{section.2.1}{\376\377\004\022\000\040\004\077\004\100\004\065\004\064\004\113\004\064\004\103\004\111\004\065\004\071\000\040\004\101\004\065\004\100\004\070\004\070}{chapter.2}% 6
\BOOKMARK [1][-]{section.2.2}{\376\377\004\037\004\100\004\076\004\065\004\072\004\106\004\070\004\070\000\040\004\044\004\103\004\102\004\060\004\074\004\103\004\100\004\113\000-\004\025\004\100\004\110\004\076\004\062\004\060}{chapter.2}% 7
\BOOKMARK [1][-]{section.2.3}{\376\377\004\041\004\070\004\075\004\102\004\060\004\072\004\101\004\070\004\101}{chapter.2}% 8
\BOOKMARK [2][-]{subsection.2.3.1}{\376\377\004\022\004\062\004\076\004\064\004\075\004\113\004\065\000\040\004\076\004\077\004\100\004\065\004\064\004\065\004\073\004\065\004\075\004\070\004\117}{section.2.3}% 9
\BOOKMARK [2][-]{subsection.2.3.2}{\376\377\004\020\004\061\004\101\004\102\004\100\004\060\004\072\004\102\004\075\004\113\004\071\000\040\004\101\004\070\004\075\004\102\004\060\004\072\004\101\004\070\004\101}{section.2.3}% 10
\BOOKMARK [2][-]{subsection.2.3.3}{\376\377\004\043\004\107\004\065\004\061\004\075\004\113\004\071\000\040\004\117\004\067\004\113\004\072\000\040\004\070\000\040\004\065\004\063\004\076\000\040\004\101\004\070\004\075\004\102\004\060\004\072\004\101\004\070\004\101}{section.2.3}% 11
\BOOKMARK [0][-]{chapter.3}{\376\377\004\033\004\065\004\072\004\106\004\070\004\117\000\040\0003}{}% 12
\BOOKMARK [1][-]{section.3.1}{\376\377\004\027\004\060\004\064\004\060\004\075\004\070\004\065\000\040\004\072\004\076\004\075\004\072\004\100\004\065\004\102\004\075\004\076\004\063\004\076\000\040\004\101\004\070\004\075\004\102\004\060\004\072\004\101\004\070\004\101\004\060\000\040\004\117\004\067\004\113\004\072\004\060}{chapter.3}% 13
\BOOKMARK [2][-]{subsection.3.1.1}{\376\377\004\024\004\062\004\060\000\040\004\077\004\076\004\064\004\105\004\076\004\064\004\060\000\040\004\072\000\040\004\067\004\060\004\064\004\060\004\075\004\070\004\116\000\040\004\117\004\067\004\113\004\072\004\060}{section.3.1}% 14
\BOOKMARK [2][-]{subsection.3.1.2}{\376\377\004\044\004\076\004\100\004\074\004\060\004\073\004\114\004\075\004\113\004\065\000\040\004\063\004\100\004\060\004\074\004\074\004\060\004\102\004\070\004\072\004\070\000\040\004\045\004\076\004\074\004\101\004\072\004\076\004\063\004\076}{section.3.1}% 15
\BOOKMARK [2][-]{subsection.3.1.3}{\376\377\004\030\004\065\004\100\004\060\004\100\004\105\004\070\004\117\000\040\004\045\004\076\004\074\004\101\004\072\004\076\004\063\004\076}{section.3.1}% 16
\BOOKMARK [2][-]{subsection.3.1.4}{\376\377\004\041\004\102\004\060\004\100\004\102\004\076\004\062\004\113\004\071\000\040\004\075\004\065\004\102\004\065\004\100\004\074\004\070\004\075\004\060\004\073\000\040\004\070\000\040\004\077\004\103\004\101\004\102\004\060\004\117\000\040\004\106\004\065\004\077\004\076\004\107\004\072\004\060}{section.3.1}% 17
\BOOKMARK [2][-]{subsection.3.1.5}{\376\377\004\040\004\065\004\063\004\103\004\073\004\117\004\100\004\075\004\113\004\065\000\040\004\117\004\067\004\113\004\072\004\070}{section.3.1}% 18
\BOOKMARK [0][-]{chapter.4}{\376\377\004\033\004\065\004\072\004\106\004\070\004\117\000\040\0005\000.\000\040\004\044\004\070\004\075\004\060\004\073\004\114\004\075\004\076\004\065\000\040\004\067\004\060\004\075\004\117\004\102\004\070\004\065\000\040\004\077\004\076\000\040\004\100\004\065\004\063\004\103\004\073\004\117\004\100\004\075\004\113\004\074\000\040\004\117\004\067\004\113\004\072\004\060\004\074}{}% 19
\BOOKMARK [1][-]{section.4.1}{\376\377\004\033\004\065\004\074\004\074\004\060\000\040\004\076\000\040\004\075\004\060\004\072\004\060\004\107\004\072\004\065\000\040\004\070\000\040\004\072\004\100\004\070\004\102\004\065\004\100\004\070\004\071\000\040\004\100\004\065\004\063\004\103\004\073\004\117\004\100\004\075\004\076\004\101\004\102\004\070}{chapter.4}% 20
\BOOKMARK [1][-]{section.4.2}{\376\377\004\034\004\070\004\075\004\070\004\074\004\070\004\067\004\060\004\106\004\070\004\117}{chapter.4}% 21
\BOOKMARK [0][-]{chapter.5}{\376\377\004\033\004\065\004\072\004\106\004\070\004\117\000\040\0006\000.\000\040\004\032\004\076\004\075\004\102\004\065\004\072\004\101\004\102\004\075\004\076\000-\004\101\004\062\004\076\004\061\004\076\004\064\004\075\004\113\004\065\000\040\004\063\004\100\004\060\004\074\004\074\004\060\004\102\004\070\004\072\004\070\000\040\004\070\000\040\004\117\004\067\004\113\004\072\004\070}{}% 22
\BOOKMARK [1][-]{section.5.1}{\376\377\004\035\004\060\004\077\004\076\004\074\004\070\004\075\004\060\004\075\004\070\004\065}{chapter.5}% 23
\BOOKMARK [1][-]{section.5.2}{\376\377\004\043\004\064\004\060\004\073\004\065\004\075\004\070\004\065\000\040\004\106\004\065\004\077\004\075\004\113\004\105\000\040\004\077\004\100\004\060\004\062\004\070\004\073}{chapter.5}% 24
\BOOKMARK [1][-]{section.5.3}{\376\377\004\035\004\076\004\100\004\074\004\060\004\073\004\114\004\075\004\060\004\117\000\040\004\104\004\076\004\100\004\074\004\060\000\040\004\045\004\076\004\074\004\101\004\072\004\076\004\063\004\076}{chapter.5}% 25
\BOOKMARK [1][-]{section.5.4}{\376\377\004\020\004\073\004\063\004\076\004\100\004\070\004\102\004\074\000\040\004\032\004\076\004\072\004\060\000-\004\057\004\075\004\063\004\065\004\100\004\060\000-\004\032\004\060\004\101\004\060\004\074\004\070}{chapter.5}% 26
\BOOKMARK [1][-]{section.5.5}{\376\377\004\033\004\065\004\074\004\074\004\060\000\040\004\076\000\040\004\100\004\060\004\067\004\100\004\060\004\101\004\102\004\060\004\075\004\070\004\070\000\040\004\064\004\073\004\117\000\040\004\032\004\041\000\040\004\117\004\067\004\113\004\072\004\076\004\062}{chapter.5}% 27
\BOOKMARK [1][-]{section.5.6}{\376\377\004\033\004\065\004\074\004\074\004\060\000\040\004\036\004\063\004\064\004\065\004\075\004\060}{chapter.5}% 28
\BOOKMARK [1][-]{section.5.7}{\376\377\004\021\004\065\004\101\004\072\004\076\004\075\004\065\004\107\004\075\004\076\004\101\004\102\004\114\000\040\004\032\004\041\000-\004\117\004\067\004\113\004\072\004\076\004\062}{chapter.5}% 29
\BOOKMARK [0][-]{chapter.6}{\376\377\004\033\004\065\004\072\004\106\004\070\004\117\000\040\0007\000.\000\040\004\032\004\076\004\075\004\102\004\065\004\072\004\101\004\102\004\075\004\076\000-\004\101\004\062\004\076\004\061\004\076\004\064\004\075\004\113\004\065\000\040\004\063\004\100\004\060\004\074\004\074\004\060\004\102\004\070\004\072\004\070\000\040\004\070\000\040\004\117\004\067\004\113\004\072\004\070\000.\000\040\004\037\004\100\004\076\004\064\004\076\004\073\004\066\004\065\004\075\004\070\004\065}{}% 30
\BOOKMARK [1][-]{section.6.1}{\376\377\004\021\004\065\004\101\004\072\004\076\004\075\004\065\004\107\004\075\004\076\004\101\004\102\004\114\000\040\004\032\004\041\000-\004\117\004\067\004\113\004\072\004\076\004\062\000.\000\040\004\044\004\070\004\075\004\060\004\073\004\114\004\075\004\113\004\065\000\040\004\101\004\076\004\076\004\061\004\100\004\060\004\066\004\065\004\075\004\070\004\117}{chapter.6}% 31
\BOOKMARK [1][-]{section.6.2}{\376\377\004\041\004\060\004\074\004\076\004\062\004\101\004\102\004\060\004\062\004\073\004\065\004\075\004\075\004\076\004\101\004\102\004\114}{chapter.6}% 32
\BOOKMARK [1][-]{section.6.3}{\376\377\004\037\004\100\004\065\004\076\004\061\004\100\004\060\004\067\004\076\004\062\004\060\004\075\004\070\004\117\000\040\004\101\004\076\004\105\004\100\004\060\004\075\004\117\004\116\004\111\004\070\004\065\000\040\004\101\004\060\004\074\004\076\004\062\004\101\004\102\004\060\004\062\004\073\004\065\004\075\004\075\004\076\004\101\004\102\004\114}{chapter.6}% 33
\BOOKMARK [1][-]{section.6.4}{\376\377\004\035\004\076\004\100\004\074\004\060\004\073\004\114\004\075\004\060\004\117\000\040\004\104\004\076\004\100\004\074\004\060\000\040\004\023\004\100\004\065\004\071\004\061\004\060\004\105}{chapter.6}% 34
\BOOKMARK [1][-]{section.6.5}{\376\377\004\020\004\073\004\063\004\076\004\100\004\070\004\102\004\074\000\040\004\055\004\100\004\073\004\070\000\040\004\064\004\073\004\117\000\040\004\100\004\060\004\067\004\061\004\076\004\100\004\060\000\040\004\032\004\041\000-\004\117\004\067\004\113\004\072\004\060\000\040\004\077\004\076\000\040\004\063\004\100\004\060\004\074\004\074\004\060\004\102\004\070\004\072\004\065}{chapter.6}% 35
\BOOKMARK [0][-]{chapter.7}{\376\377\004\033\004\065\004\072\004\106\004\070\004\117\000\040\0008\000.\000\040\004\032\004\076\004\075\004\102\004\065\004\072\004\101\004\102\004\075\004\076\000-\004\101\004\062\004\076\004\061\004\076\004\064\004\075\004\113\004\065\000\040\004\117\004\067\004\113\004\072\004\070\000\040\004\070\000\040\004\074\004\060\004\063\004\060\004\067\004\070\004\075\004\075\004\113\004\065\000\040\004\060\004\062\004\102\004\076\004\074\004\060\004\102\004\113}{}% 36
\BOOKMARK [1][-]{section.7.1}{\376\377\004\035\004\065\004\064\004\065\004\102\004\065\004\100\004\074\004\070\004\075\004\070\004\100\004\076\004\062\004\060\004\075\004\075\004\113\004\071\000\040\004\074\004\060\004\063\004\060\004\067\004\070\004\075\004\075\004\113\004\071\000\040\004\060\004\062\004\102\004\076\004\074\004\060\004\102}{chapter.7}% 37
\BOOKMARK [1][-]{section.7.2}{\376\377\004\024\004\065\004\102\004\065\004\100\004\074\004\070\004\075\004\070\004\100\004\076\004\062\004\060\004\075\004\075\004\113\004\071\000\040\004\074\004\060\004\063\004\060\004\067\004\070\004\075\004\075\004\113\004\071\000\040\004\060\004\062\004\102\004\076\004\074\004\060\004\102}{chapter.7}% 38
\BOOKMARK [0][-]{chapter.8}{\376\377\004\033\004\065\004\072\004\106\004\070\004\117\000\040\0009\000.\000\040\004\035\004\070\004\101\004\105\004\076\004\064\004\117\004\111\004\070\004\071\000\040\004\060\004\075\004\060\004\073\004\070\004\067}{}% 39
\BOOKMARK [1][-]{section.8.1}{\376\377\004\022\004\062\004\065\004\064\004\065\004\075\004\070\004\065}{chapter.8}% 40
\BOOKMARK [1][-]{section.8.2}{\376\377\004\040\004\060\004\101\004\110\004\070\004\065\004\075\004\075\004\113\004\071\000\040\004\074\004\060\004\063\004\060\004\067\004\070\004\075\004\075\004\113\004\071\000\040\004\060\004\062\004\102\004\076\004\074\004\060\004\102}{chapter.8}% 41
\BOOKMARK [1][-]{section.8.3}{\376\377\004\022\004\076\004\101\004\105\004\076\004\064\004\117\004\111\004\070\004\071\000\040\004\100\004\060\004\067\004\061\004\076\004\100}{chapter.8}% 42
\BOOKMARK [1][-]{section.8.4}{\376\377\004\032\004\073\004\060\004\101\004\101\000\040\000L\000L\000\050\000k\000\051}{chapter.8}% 43
\BOOKMARK [1][-]{section.8.5}{\376\377\000F\000I\000R\000S\000T\000\040\004\070\000\040\000F\000O\000L\000L\000O\000W}{chapter.8}% 44
\BOOKMARK [1][-]{section.8.6}{\376\377\004\035\004\070\004\101\004\105\004\076\004\064\004\117\004\111\004\070\004\071\000\040\004\100\004\060\004\067\004\061\004\076\004\100\000\040\004\075\004\060\000\040\004\077\004\100\004\060\004\072\004\102\004\070\004\072\004\065}{chapter.8}% 45
\BOOKMARK [2][-]{subsection.8.6.1}{\376\377\004\040\004\065\004\072\004\103\004\100\004\101\004\070\004\062\004\075\004\113\004\071\000\040\004\101\004\077\004\103\004\101\004\072}{section.8.6}% 46
